<?xml version="1.0" encoding="UTF-8"?>
<testng-results skipped="0" failed="0" ignored="0" total="1" passed="1">
  <reporter-output>
  </reporter-output>
  <suite name="Suite" duration-ms="89862" started-at="2021-02-08T13:29:22 IST" finished-at="2021-02-08T13:30:52 IST">
    <groups>
    </groups>
    <test name="Test" duration-ms="89862" started-at="2021-02-08T13:29:22 IST" finished-at="2021-02-08T13:30:52 IST">
      <class name="com.amazon.com.Validatelogin">
        <test-method status="PASS" signature="setUp()[pri:0, instance:com.amazon.com.Validatelogin@3b088d51]" name="setUp" is-config="true" duration-ms="89619" started-at="2021-02-08T13:29:22 IST" finished-at="2021-02-08T13:30:52 IST">
          <reporter-output>
          </reporter-output>
        </test-method> <!-- setUp -->
        <test-method status="PASS" signature="validateTitle()[pri:1, instance:com.amazon.com.Validatelogin@3b088d51]" name="validateTitle" duration-ms="87" started-at="2021-02-08T13:30:52 IST" finished-at="2021-02-08T13:30:52 IST">
          <reporter-output>
          </reporter-output>
        </test-method> <!-- validateTitle -->
      </class> <!-- com.amazon.com.Validatelogin -->
    </test> <!-- Test -->
  </suite> <!-- Suite -->
</testng-results>
