<?xml version="1.0" encoding="UTF-8"?>
<testng-results skipped="0" failed="0" ignored="0" total="1" passed="1">
  <reporter-output>
  </reporter-output>
  <suite name="Suite" duration-ms="14161" started-at="2021-02-04T10:43:19 IST" finished-at="2021-02-04T10:43:33 IST">
    <groups>
    </groups>
    <test name="Test" duration-ms="14161" started-at="2021-02-04T10:43:19 IST" finished-at="2021-02-04T10:43:33 IST">
      <class name="com.Faceboook.fb">
        <test-method status="PASS" signature="setUp()[pri:0, instance:com.Faceboook.fb@50d0686]" name="setUp" is-config="true" duration-ms="9584" started-at="2021-02-04T10:43:19 IST" finished-at="2021-02-04T10:43:28 IST">
          <reporter-output>
          </reporter-output>
        </test-method> <!-- setUp -->
        <test-method status="PASS" signature="verifyTitle()[pri:0, instance:com.Faceboook.fb@50d0686]" name="verifyTitle" duration-ms="50" started-at="2021-02-04T10:43:28 IST" finished-at="2021-02-04T10:43:29 IST">
          <reporter-output>
          </reporter-output>
        </test-method> <!-- verifyTitle -->
        <test-method status="PASS" signature="tearDown()[pri:0, instance:com.Faceboook.fb@50d0686]" name="tearDown" is-config="true" duration-ms="4426" started-at="2021-02-04T10:43:29 IST" finished-at="2021-02-04T10:43:33 IST">
          <reporter-output>
          </reporter-output>
        </test-method> <!-- tearDown -->
      </class> <!-- com.Faceboook.fb -->
    </test> <!-- Test -->
  </suite> <!-- Suite -->
</testng-results>
