<?xml version="1.0" encoding="UTF-8"?>
<testng-results skipped="0" failed="0" ignored="0" total="1" passed="1">
  <reporter-output>
  </reporter-output>
  <suite name="Suite" duration-ms="29566" started-at="2021-02-08T10:15:10 IST" finished-at="2021-02-08T10:15:39 IST">
    <groups>
    </groups>
    <test name="Test" duration-ms="29566" started-at="2021-02-08T10:15:10 IST" finished-at="2021-02-08T10:15:39 IST">
      <class name="com.amazon.com.Validatelogin">
        <test-method status="PASS" signature="setUp()[pri:0, instance:com.amazon.com.Validatelogin@25af5db5]" name="setUp" is-config="true" duration-ms="28448" started-at="2021-02-08T10:15:10 IST" finished-at="2021-02-08T10:15:38 IST">
          <reporter-output>
          </reporter-output>
        </test-method> <!-- setUp -->
        <test-method status="PASS" signature="validateTitle()[pri:1, instance:com.amazon.com.Validatelogin@25af5db5]" name="validateTitle" duration-ms="488" started-at="2021-02-08T10:15:39 IST" finished-at="2021-02-08T10:15:39 IST">
          <reporter-output>
          </reporter-output>
        </test-method> <!-- validateTitle -->
      </class> <!-- com.amazon.com.Validatelogin -->
    </test> <!-- Test -->
  </suite> <!-- Suite -->
</testng-results>
