<?xml version="1.0" encoding="UTF-8"?>
<!-- Generated by org.testng.reporters.JUnitXMLReporter -->
<testsuite hostname="DESKTOP-2BE1B3J" ignored="0" name="Test" tests="3" failures="0" timestamp="2021-02-06T22:22:52 IST" time="34.05" errors="0">
  <testcase name="VerifyMobile" time="1.854" classname="OnlineShopping.FlipKartSh"/>
  <testcase name="VerifySearchClick" time="3.621" classname="OnlineShopping.FlipKartSh"/>
  <testcase name="VerifyAddtocart" time="7.8" classname="OnlineShopping.FlipKartSh"/>
</testsuite> <!-- Test -->
