<?xml version="1.0" encoding="UTF-8"?>
<testng-results skipped="0" failed="0" ignored="0" total="1" passed="1">
  <reporter-output>
  </reporter-output>
  <suite name="Suite" duration-ms="21647" started-at="2021-02-04T11:19:40 IST" finished-at="2021-02-04T11:20:02 IST">
    <groups>
    </groups>
    <test name="Test" duration-ms="21647" started-at="2021-02-04T11:19:40 IST" finished-at="2021-02-04T11:20:02 IST">
      <class name="com.Faceboook.fb">
        <test-method status="PASS" signature="setUp()[pri:0, instance:com.Faceboook.fb@4d95d2a2]" name="setUp" is-config="true" duration-ms="19976" started-at="2021-02-04T11:19:40 IST" finished-at="2021-02-04T11:20:00 IST">
          <reporter-output>
          </reporter-output>
        </test-method> <!-- setUp -->
        <test-method status="PASS" signature="verifyTitle()[pri:0, instance:com.Faceboook.fb@4d95d2a2]" name="verifyTitle" duration-ms="200" started-at="2021-02-04T11:20:00 IST" finished-at="2021-02-04T11:20:01 IST">
          <reporter-output>
          </reporter-output>
        </test-method> <!-- verifyTitle -->
        <test-method status="PASS" signature="tearDown()[pri:0, instance:com.Faceboook.fb@4d95d2a2]" name="tearDown" is-config="true" duration-ms="985" started-at="2021-02-04T11:20:01 IST" finished-at="2021-02-04T11:20:02 IST">
          <reporter-output>
          </reporter-output>
        </test-method> <!-- tearDown -->
      </class> <!-- com.Faceboook.fb -->
    </test> <!-- Test -->
  </suite> <!-- Suite -->
</testng-results>
